e:\kasug\code\learnopengl\libaray\examples\simple.dir\debug\vc141.pdb
e:\kasug\code\learnopengl\libaray\examples\simple.dir\debug\glad_gl.obj
e:\kasug\code\learnopengl\libaray\examples\simple.dir\debug\simple.obj
e:\kasug\code\learnopengl\libaray\examples\cmakefiles\generate.stamp
e:\kasug\code\learnopengl\libaray\examples\debug\simple.ilk
e:\kasug\code\learnopengl\libaray\examples\debug\simple.exe
e:\kasug\code\learnopengl\libaray\examples\debug\simple.pdb
e:\kasug\code\learnopengl\libaray\examples\simple.dir\debug\glfw.res
e:\kasug\code\learnopengl\libaray\examples\simple.dir\debug\simple.tlog\cl.command.1.tlog
e:\kasug\code\learnopengl\libaray\examples\simple.dir\debug\simple.tlog\cl.read.1.tlog
e:\kasug\code\learnopengl\libaray\examples\simple.dir\debug\simple.tlog\cl.write.1.tlog
e:\kasug\code\learnopengl\libaray\examples\simple.dir\debug\simple.tlog\custombuild.command.1.tlog
e:\kasug\code\learnopengl\libaray\examples\simple.dir\debug\simple.tlog\custombuild.read.1.tlog
e:\kasug\code\learnopengl\libaray\examples\simple.dir\debug\simple.tlog\custombuild.write.1.tlog
e:\kasug\code\learnopengl\libaray\examples\simple.dir\debug\simple.tlog\link.command.1.tlog
e:\kasug\code\learnopengl\libaray\examples\simple.dir\debug\simple.tlog\link.read.1.tlog
e:\kasug\code\learnopengl\libaray\examples\simple.dir\debug\simple.tlog\link.write.1.tlog
e:\kasug\code\learnopengl\libaray\examples\simple.dir\debug\simple.tlog\rc.command.1.tlog
e:\kasug\code\learnopengl\libaray\examples\simple.dir\debug\simple.tlog\rc.read.1.tlog
e:\kasug\code\learnopengl\libaray\examples\simple.dir\debug\simple.tlog\rc.write.1.tlog
