e:\kasug\code\learnopengl\libaray\examples\heightmap.dir\debug\vc141.pdb
e:\kasug\code\learnopengl\libaray\examples\heightmap.dir\debug\glad_gl.obj
e:\kasug\code\learnopengl\libaray\examples\heightmap.dir\debug\heightmap.obj
e:\kasug\code\learnopengl\libaray\examples\cmakefiles\generate.stamp
e:\kasug\code\learnopengl\libaray\examples\debug\heightmap.ilk
e:\kasug\code\learnopengl\libaray\examples\debug\heightmap.exe
e:\kasug\code\learnopengl\libaray\examples\debug\heightmap.pdb
e:\kasug\code\learnopengl\libaray\examples\heightmap.dir\debug\glfw.res
e:\kasug\code\learnopengl\libaray\examples\heightmap.dir\debug\heightmap.tlog\cl.command.1.tlog
e:\kasug\code\learnopengl\libaray\examples\heightmap.dir\debug\heightmap.tlog\cl.read.1.tlog
e:\kasug\code\learnopengl\libaray\examples\heightmap.dir\debug\heightmap.tlog\cl.write.1.tlog
e:\kasug\code\learnopengl\libaray\examples\heightmap.dir\debug\heightmap.tlog\custombuild.command.1.tlog
e:\kasug\code\learnopengl\libaray\examples\heightmap.dir\debug\heightmap.tlog\custombuild.read.1.tlog
e:\kasug\code\learnopengl\libaray\examples\heightmap.dir\debug\heightmap.tlog\custombuild.write.1.tlog
e:\kasug\code\learnopengl\libaray\examples\heightmap.dir\debug\heightmap.tlog\link.command.1.tlog
e:\kasug\code\learnopengl\libaray\examples\heightmap.dir\debug\heightmap.tlog\link.read.1.tlog
e:\kasug\code\learnopengl\libaray\examples\heightmap.dir\debug\heightmap.tlog\link.write.1.tlog
e:\kasug\code\learnopengl\libaray\examples\heightmap.dir\debug\heightmap.tlog\rc.command.1.tlog
e:\kasug\code\learnopengl\libaray\examples\heightmap.dir\debug\heightmap.tlog\rc.read.1.tlog
e:\kasug\code\learnopengl\libaray\examples\heightmap.dir\debug\heightmap.tlog\rc.write.1.tlog
