e:\kasug\code\learnopengl\libaray\examples\offscreen.dir\debug\vc141.pdb
e:\kasug\code\learnopengl\libaray\examples\offscreen.dir\debug\glad_gl.obj
e:\kasug\code\learnopengl\libaray\examples\offscreen.dir\debug\offscreen.obj
e:\kasug\code\learnopengl\libaray\examples\cmakefiles\generate.stamp
e:\kasug\code\learnopengl\libaray\examples\debug\offscreen.ilk
e:\kasug\code\learnopengl\libaray\examples\debug\offscreen.exe
e:\kasug\code\learnopengl\libaray\examples\debug\offscreen.pdb
e:\kasug\code\learnopengl\libaray\examples\offscreen.dir\debug\glfw.res
e:\kasug\code\learnopengl\libaray\examples\offscreen.dir\debug\offscreen.tlog\cl.command.1.tlog
e:\kasug\code\learnopengl\libaray\examples\offscreen.dir\debug\offscreen.tlog\cl.read.1.tlog
e:\kasug\code\learnopengl\libaray\examples\offscreen.dir\debug\offscreen.tlog\cl.write.1.tlog
e:\kasug\code\learnopengl\libaray\examples\offscreen.dir\debug\offscreen.tlog\custombuild.command.1.tlog
e:\kasug\code\learnopengl\libaray\examples\offscreen.dir\debug\offscreen.tlog\custombuild.read.1.tlog
e:\kasug\code\learnopengl\libaray\examples\offscreen.dir\debug\offscreen.tlog\custombuild.write.1.tlog
e:\kasug\code\learnopengl\libaray\examples\offscreen.dir\debug\offscreen.tlog\link.command.1.tlog
e:\kasug\code\learnopengl\libaray\examples\offscreen.dir\debug\offscreen.tlog\link.read.1.tlog
e:\kasug\code\learnopengl\libaray\examples\offscreen.dir\debug\offscreen.tlog\link.write.1.tlog
e:\kasug\code\learnopengl\libaray\examples\offscreen.dir\debug\offscreen.tlog\rc.command.1.tlog
e:\kasug\code\learnopengl\libaray\examples\offscreen.dir\debug\offscreen.tlog\rc.read.1.tlog
e:\kasug\code\learnopengl\libaray\examples\offscreen.dir\debug\offscreen.tlog\rc.write.1.tlog
