e:\kasug\code\learnopengl\libaray\examples\boing.dir\debug\vc141.pdb
e:\kasug\code\learnopengl\libaray\examples\boing.dir\debug\glad_gl.obj
e:\kasug\code\learnopengl\libaray\examples\boing.dir\debug\boing.obj
e:\kasug\code\learnopengl\libaray\examples\cmakefiles\generate.stamp
e:\kasug\code\learnopengl\libaray\examples\debug\boing.ilk
e:\kasug\code\learnopengl\libaray\examples\debug\boing.exe
e:\kasug\code\learnopengl\libaray\examples\debug\boing.pdb
e:\kasug\code\learnopengl\libaray\examples\boing.dir\debug\glfw.res
e:\kasug\code\learnopengl\libaray\examples\boing.dir\debug\boing.tlog\cl.command.1.tlog
e:\kasug\code\learnopengl\libaray\examples\boing.dir\debug\boing.tlog\cl.read.1.tlog
e:\kasug\code\learnopengl\libaray\examples\boing.dir\debug\boing.tlog\cl.write.1.tlog
e:\kasug\code\learnopengl\libaray\examples\boing.dir\debug\boing.tlog\custombuild.command.1.tlog
e:\kasug\code\learnopengl\libaray\examples\boing.dir\debug\boing.tlog\custombuild.read.1.tlog
e:\kasug\code\learnopengl\libaray\examples\boing.dir\debug\boing.tlog\custombuild.write.1.tlog
e:\kasug\code\learnopengl\libaray\examples\boing.dir\debug\boing.tlog\link.command.1.tlog
e:\kasug\code\learnopengl\libaray\examples\boing.dir\debug\boing.tlog\link.read.1.tlog
e:\kasug\code\learnopengl\libaray\examples\boing.dir\debug\boing.tlog\link.write.1.tlog
e:\kasug\code\learnopengl\libaray\examples\boing.dir\debug\boing.tlog\rc.command.1.tlog
e:\kasug\code\learnopengl\libaray\examples\boing.dir\debug\boing.tlog\rc.read.1.tlog
e:\kasug\code\learnopengl\libaray\examples\boing.dir\debug\boing.tlog\rc.write.1.tlog
