e:\kasug\code\learnopengl\libaray\examples\splitview.dir\debug\vc141.pdb
e:\kasug\code\learnopengl\libaray\examples\splitview.dir\debug\glad_gl.obj
e:\kasug\code\learnopengl\libaray\examples\splitview.dir\debug\splitview.obj
e:\kasug\code\learnopengl\libaray\examples\cmakefiles\generate.stamp
e:\kasug\code\learnopengl\libaray\examples\debug\splitview.ilk
e:\kasug\code\learnopengl\libaray\examples\debug\splitview.exe
e:\kasug\code\learnopengl\libaray\examples\debug\splitview.pdb
e:\kasug\code\learnopengl\libaray\examples\splitview.dir\debug\glfw.res
e:\kasug\code\learnopengl\libaray\examples\splitview.dir\debug\splitview.tlog\cl.command.1.tlog
e:\kasug\code\learnopengl\libaray\examples\splitview.dir\debug\splitview.tlog\cl.read.1.tlog
e:\kasug\code\learnopengl\libaray\examples\splitview.dir\debug\splitview.tlog\cl.write.1.tlog
e:\kasug\code\learnopengl\libaray\examples\splitview.dir\debug\splitview.tlog\custombuild.command.1.tlog
e:\kasug\code\learnopengl\libaray\examples\splitview.dir\debug\splitview.tlog\custombuild.read.1.tlog
e:\kasug\code\learnopengl\libaray\examples\splitview.dir\debug\splitview.tlog\custombuild.write.1.tlog
e:\kasug\code\learnopengl\libaray\examples\splitview.dir\debug\splitview.tlog\link.command.1.tlog
e:\kasug\code\learnopengl\libaray\examples\splitview.dir\debug\splitview.tlog\link.read.1.tlog
e:\kasug\code\learnopengl\libaray\examples\splitview.dir\debug\splitview.tlog\link.write.1.tlog
e:\kasug\code\learnopengl\libaray\examples\splitview.dir\debug\splitview.tlog\rc.command.1.tlog
e:\kasug\code\learnopengl\libaray\examples\splitview.dir\debug\splitview.tlog\rc.read.1.tlog
e:\kasug\code\learnopengl\libaray\examples\splitview.dir\debug\splitview.tlog\rc.write.1.tlog
