e:\kasug\code\learnopengl\libaray\examples\sharing.dir\debug\vc141.pdb
e:\kasug\code\learnopengl\libaray\examples\sharing.dir\debug\glad_gl.obj
e:\kasug\code\learnopengl\libaray\examples\sharing.dir\debug\sharing.obj
e:\kasug\code\learnopengl\libaray\examples\cmakefiles\generate.stamp
e:\kasug\code\learnopengl\libaray\examples\debug\sharing.ilk
e:\kasug\code\learnopengl\libaray\examples\debug\sharing.exe
e:\kasug\code\learnopengl\libaray\examples\debug\sharing.pdb
e:\kasug\code\learnopengl\libaray\examples\sharing.dir\debug\glfw.res
e:\kasug\code\learnopengl\libaray\examples\sharing.dir\debug\sharing.tlog\cl.command.1.tlog
e:\kasug\code\learnopengl\libaray\examples\sharing.dir\debug\sharing.tlog\cl.read.1.tlog
e:\kasug\code\learnopengl\libaray\examples\sharing.dir\debug\sharing.tlog\cl.write.1.tlog
e:\kasug\code\learnopengl\libaray\examples\sharing.dir\debug\sharing.tlog\custombuild.command.1.tlog
e:\kasug\code\learnopengl\libaray\examples\sharing.dir\debug\sharing.tlog\custombuild.read.1.tlog
e:\kasug\code\learnopengl\libaray\examples\sharing.dir\debug\sharing.tlog\custombuild.write.1.tlog
e:\kasug\code\learnopengl\libaray\examples\sharing.dir\debug\sharing.tlog\link.command.1.tlog
e:\kasug\code\learnopengl\libaray\examples\sharing.dir\debug\sharing.tlog\link.read.1.tlog
e:\kasug\code\learnopengl\libaray\examples\sharing.dir\debug\sharing.tlog\link.write.1.tlog
e:\kasug\code\learnopengl\libaray\examples\sharing.dir\debug\sharing.tlog\rc.command.1.tlog
e:\kasug\code\learnopengl\libaray\examples\sharing.dir\debug\sharing.tlog\rc.read.1.tlog
e:\kasug\code\learnopengl\libaray\examples\sharing.dir\debug\sharing.tlog\rc.write.1.tlog
