e:\kasug\code\learnopengl\libaray\examples\gears.dir\debug\vc141.pdb
e:\kasug\code\learnopengl\libaray\examples\gears.dir\debug\glad_gl.obj
e:\kasug\code\learnopengl\libaray\examples\gears.dir\debug\gears.obj
e:\kasug\code\learnopengl\libaray\examples\cmakefiles\generate.stamp
e:\kasug\code\learnopengl\libaray\examples\debug\gears.ilk
e:\kasug\code\learnopengl\libaray\examples\debug\gears.exe
e:\kasug\code\learnopengl\libaray\examples\debug\gears.pdb
e:\kasug\code\learnopengl\libaray\examples\gears.dir\debug\glfw.res
e:\kasug\code\learnopengl\libaray\examples\gears.dir\debug\gears.tlog\cl.command.1.tlog
e:\kasug\code\learnopengl\libaray\examples\gears.dir\debug\gears.tlog\cl.read.1.tlog
e:\kasug\code\learnopengl\libaray\examples\gears.dir\debug\gears.tlog\cl.write.1.tlog
e:\kasug\code\learnopengl\libaray\examples\gears.dir\debug\gears.tlog\custombuild.command.1.tlog
e:\kasug\code\learnopengl\libaray\examples\gears.dir\debug\gears.tlog\custombuild.read.1.tlog
e:\kasug\code\learnopengl\libaray\examples\gears.dir\debug\gears.tlog\custombuild.write.1.tlog
e:\kasug\code\learnopengl\libaray\examples\gears.dir\debug\gears.tlog\link.command.1.tlog
e:\kasug\code\learnopengl\libaray\examples\gears.dir\debug\gears.tlog\link.read.1.tlog
e:\kasug\code\learnopengl\libaray\examples\gears.dir\debug\gears.tlog\link.write.1.tlog
e:\kasug\code\learnopengl\libaray\examples\gears.dir\debug\gears.tlog\rc.command.1.tlog
e:\kasug\code\learnopengl\libaray\examples\gears.dir\debug\gears.tlog\rc.read.1.tlog
e:\kasug\code\learnopengl\libaray\examples\gears.dir\debug\gears.tlog\rc.write.1.tlog
