e:\kasug\code\learnopengl\libaray\examples\wave.dir\debug\vc141.pdb
e:\kasug\code\learnopengl\libaray\examples\wave.dir\debug\glad_gl.obj
e:\kasug\code\learnopengl\libaray\examples\wave.dir\debug\wave.obj
e:\kasug\code\learnopengl\libaray\examples\cmakefiles\generate.stamp
e:\kasug\code\learnopengl\libaray\examples\debug\wave.ilk
e:\kasug\code\learnopengl\libaray\examples\debug\wave.exe
e:\kasug\code\learnopengl\libaray\examples\debug\wave.pdb
e:\kasug\code\learnopengl\libaray\examples\wave.dir\debug\glfw.res
e:\kasug\code\learnopengl\libaray\examples\wave.dir\debug\wave.tlog\cl.command.1.tlog
e:\kasug\code\learnopengl\libaray\examples\wave.dir\debug\wave.tlog\cl.read.1.tlog
e:\kasug\code\learnopengl\libaray\examples\wave.dir\debug\wave.tlog\cl.write.1.tlog
e:\kasug\code\learnopengl\libaray\examples\wave.dir\debug\wave.tlog\custombuild.command.1.tlog
e:\kasug\code\learnopengl\libaray\examples\wave.dir\debug\wave.tlog\custombuild.read.1.tlog
e:\kasug\code\learnopengl\libaray\examples\wave.dir\debug\wave.tlog\custombuild.write.1.tlog
e:\kasug\code\learnopengl\libaray\examples\wave.dir\debug\wave.tlog\link.command.1.tlog
e:\kasug\code\learnopengl\libaray\examples\wave.dir\debug\wave.tlog\link.read.1.tlog
e:\kasug\code\learnopengl\libaray\examples\wave.dir\debug\wave.tlog\link.write.1.tlog
e:\kasug\code\learnopengl\libaray\examples\wave.dir\debug\wave.tlog\rc.command.1.tlog
e:\kasug\code\learnopengl\libaray\examples\wave.dir\debug\wave.tlog\rc.read.1.tlog
e:\kasug\code\learnopengl\libaray\examples\wave.dir\debug\wave.tlog\rc.write.1.tlog
