e:\kasug\code\learnopengl\libaray\examples\particles.dir\debug\vc141.pdb
e:\kasug\code\learnopengl\libaray\examples\particles.dir\debug\glad_gl.obj
e:\kasug\code\learnopengl\libaray\examples\particles.dir\debug\getopt.obj
e:\kasug\code\learnopengl\libaray\examples\particles.dir\debug\tinycthread.obj
e:\kasug\code\learnopengl\libaray\examples\particles.dir\debug\particles.obj
e:\kasug\code\learnopengl\libaray\examples\cmakefiles\generate.stamp
e:\kasug\code\learnopengl\libaray\examples\debug\particles.ilk
e:\kasug\code\learnopengl\libaray\examples\debug\particles.exe
e:\kasug\code\learnopengl\libaray\examples\debug\particles.pdb
e:\kasug\code\learnopengl\libaray\examples\particles.dir\debug\glfw.res
e:\kasug\code\learnopengl\libaray\examples\particles.dir\debug\particles.tlog\cl.command.1.tlog
e:\kasug\code\learnopengl\libaray\examples\particles.dir\debug\particles.tlog\cl.read.1.tlog
e:\kasug\code\learnopengl\libaray\examples\particles.dir\debug\particles.tlog\cl.write.1.tlog
e:\kasug\code\learnopengl\libaray\examples\particles.dir\debug\particles.tlog\custombuild.command.1.tlog
e:\kasug\code\learnopengl\libaray\examples\particles.dir\debug\particles.tlog\custombuild.read.1.tlog
e:\kasug\code\learnopengl\libaray\examples\particles.dir\debug\particles.tlog\custombuild.write.1.tlog
e:\kasug\code\learnopengl\libaray\examples\particles.dir\debug\particles.tlog\link.command.1.tlog
e:\kasug\code\learnopengl\libaray\examples\particles.dir\debug\particles.tlog\link.read.1.tlog
e:\kasug\code\learnopengl\libaray\examples\particles.dir\debug\particles.tlog\link.write.1.tlog
e:\kasug\code\learnopengl\libaray\examples\particles.dir\debug\particles.tlog\rc.command.1.tlog
e:\kasug\code\learnopengl\libaray\examples\particles.dir\debug\particles.tlog\rc.read.1.tlog
e:\kasug\code\learnopengl\libaray\examples\particles.dir\debug\particles.tlog\rc.write.1.tlog
